<?xml version="1.0" encoding="UTF-8"?>
<testsuite name="service.tradeservice.DddTest" tests="2" skipped="0" failures="0" errors="0" timestamp="2024-05-22T03:38:34" hostname="hyeonmin.local" time="0.541">
  <properties/>
  <testcase name="예외_처리2()" classname="service.tradeservice.DddTest" time="0.534"/>
  <testcase name="예외_처리()" classname="service.tradeservice.DddTest" time="0.007"/>
  <system-out><![CDATA[12:38:32.130 [Test worker] INFO org.springframework.test.context.support.AnnotationConfigContextLoaderUtils -- Could not detect default configuration classes for test class [service.tradeservice.DddTest]: DddTest does not declare any static, non-private, non-final, nested classes annotated with @Configuration.
12:38:32.188 [Test worker] INFO org.springframework.boot.test.context.SpringBootTestContextBootstrapper -- Found @SpringBootConfiguration service.tradeservice.TradeServiceApplication for test class service.tradeservice.DddTest

  .   ____          _            __ _ _
 /\\ / ___'_ __ _ _(_)_ __  __ _ \ \ \ \
( ( )\___ | '_ | '_| | '_ \/ _` | \ \ \ \
 \\/  ___)| |_)| | | | | || (_| |  ) ) ) )
  '  |____| .__|_| |_|_| |_\__, | / / / /
 =========|_|==============|___/=/_/_/_/
 :: Spring Boot ::                (v3.2.4)

2024-05-22T12:38:32.391+09:00  INFO 24662 --- [    Test worker] service.tradeservice.DddTest             : Starting DddTest using Java 17.0.9 with PID 24662 (started by hyeonmin in /Users/hyeonmin/study/Project/trade-service)
2024-05-22T12:38:32.392+09:00  INFO 24662 --- [    Test worker] service.tradeservice.DddTest             : No active profile set, falling back to 1 default profile: "default"
2024-05-22T12:38:32.708+09:00  INFO 24662 --- [    Test worker] .s.d.r.c.RepositoryConfigurationDelegate : Bootstrapping Spring Data JPA repositories in DEFAULT mode.
2024-05-22T12:38:32.752+09:00  INFO 24662 --- [    Test worker] .s.d.r.c.RepositoryConfigurationDelegate : Finished Spring Data repository scanning in 39 ms. Found 8 JPA repository interfaces.
2024-05-22T12:38:33.040+09:00 DEBUG 24662 --- [    Test worker] j.LocalContainerEntityManagerFactoryBean : Building JPA container EntityManagerFactory for persistence unit 'default'
2024-05-22T12:38:33.048+09:00  INFO 24662 --- [    Test worker] o.hibernate.jpa.internal.util.LogHelper  : HHH000204: Processing PersistenceUnitInfo [name: default]
2024-05-22T12:38:33.074+09:00  INFO 24662 --- [    Test worker] org.hibernate.Version                    : HHH000412: Hibernate ORM core version 6.4.4.Final
2024-05-22T12:38:33.090+09:00  INFO 24662 --- [    Test worker] o.h.c.internal.RegionFactoryInitiator    : HHH000026: Second-level cache disabled
2024-05-22T12:38:33.120+09:00 DEBUG 24662 --- [    Test worker] org.hibernate.type.BasicTypeRegistry     : Adding type registration boolean -> org.hibernate.type.BasicTypeReference@7686f701
2024-05-22T12:38:33.120+09:00 DEBUG 24662 --- [    Test worker] org.hibernate.type.BasicTypeRegistry     : Adding type registration boolean -> org.hibernate.type.BasicTypeReference@7686f701
2024-05-22T12:38:33.120+09:00 DEBUG 24662 --- [    Test worker] org.hibernate.type.BasicTypeRegistry     : Adding type registration java.lang.Boolean -> org.hibernate.type.BasicTypeReference@7686f701
2024-05-22T12:38:33.120+09:00 DEBUG 24662 --- [    Test worker] org.hibernate.type.BasicTypeRegistry     : Adding type registration numeric_boolean -> org.hibernate.type.BasicTypeReference@47c96f2c
2024-05-22T12:38:33.120+09:00 DEBUG 24662 --- [    Test worker] org.hibernate.type.BasicTypeRegistry     : Adding type registration org.hibernate.type.NumericBooleanConverter -> org.hibernate.type.BasicTypeReference@47c96f2c
2024-05-22T12:38:33.120+09:00 DEBUG 24662 --- [    Test worker] org.hibernate.type.BasicTypeRegistry     : Adding type registration true_false -> org.hibernate.type.BasicTypeReference@210a26b
2024-05-22T12:38:33.120+09:00 DEBUG 24662 --- [    Test worker] org.hibernate.type.BasicTypeRegistry     : Adding type registration org.hibernate.type.TrueFalseConverter -> org.hibernate.type.BasicTypeReference@210a26b
2024-05-22T12:38:33.120+09:00 DEBUG 24662 --- [    Test worker] org.hibernate.type.BasicTypeRegistry     : Adding type registration yes_no -> org.hibernate.type.BasicTypeReference@2dc21583
2024-05-22T12:38:33.120+09:00 DEBUG 24662 --- [    Test worker] org.hibernate.type.BasicTypeRegistry     : Adding type registration org.hibernate.type.YesNoConverter -> org.hibernate.type.BasicTypeReference@2dc21583
2024-05-22T12:38:33.120+09:00 DEBUG 24662 --- [    Test worker] org.hibernate.type.BasicTypeRegistry     : Adding type registration byte -> org.hibernate.type.BasicTypeReference@6cbdd1c5
2024-05-22T12:38:33.121+09:00 DEBUG 24662 --- [    Test worker] org.hibernate.type.BasicTypeRegistry     : Adding type registration byte -> org.hibernate.type.BasicTypeReference@6cbdd1c5
2024-05-22T12:38:33.121+09:00 DEBUG 24662 --- [    Test worker] org.hibernate.type.BasicTypeRegistry     : Adding type registration java.lang.Byte -> org.hibernate.type.BasicTypeReference@6cbdd1c5
2024-05-22T12:38:33.121+09:00 DEBUG 24662 --- [    Test worker] org.hibernate.type.BasicTypeRegistry     : Adding type registration binary -> org.hibernate.type.BasicTypeReference@60816371
2024-05-22T12:38:33.121+09:00 DEBUG 24662 --- [    Test worker] org.hibernate.type.BasicTypeRegistry     : Adding type registration byte[] -> org.hibernate.type.BasicTypeReference@60816371
2024-05-22T12:38:33.121+09:00 DEBUG 24662 --- [    Test worker] org.hibernate.type.BasicTypeRegistry     : Adding type registration [B -> org.hibernate.type.BasicTypeReference@60816371
2024-05-22T12:38:33.121+09:00 DEBUG 24662 --- [    Test worker] org.hibernate.type.BasicTypeRegistry     : Adding type registration binary_wrapper -> org.hibernate.type.BasicTypeReference@586728e8
2024-05-22T12:38:33.121+09:00 DEBUG 24662 --- [    Test worker] org.hibernate.type.BasicTypeRegistry     : Adding type registration wrapper-binary -> org.hibernate.type.BasicTypeReference@586728e8
2024-05-22T12:38:33.122+09:00 DEBUG 24662 --- [    Test worker] org.hibernate.type.BasicTypeRegistry     : Adding type registration image -> org.hibernate.type.BasicTypeReference@3316527e
2024-05-22T12:38:33.122+09:00 DEBUG 24662 --- [    Test worker] org.hibernate.type.BasicTypeRegistry     : Adding type registration blob -> org.hibernate.type.BasicTypeReference@786ff0ea
2024-05-22T12:38:33.122+09:00 DEBUG 24662 --- [    Test worker] org.hibernate.type.BasicTypeRegistry     : Adding type registration java.sql.Blob -> org.hibernate.type.BasicTypeReference@786ff0ea
2024-05-22T12:38:33.122+09:00 DEBUG 24662 --- [    Test worker] org.hibernate.type.BasicTypeRegistry     : Adding type registration materialized_blob -> org.hibernate.type.BasicTypeReference@15186ce0
2024-05-22T12:38:33.122+09:00 DEBUG 24662 --- [    Test worker] org.hibernate.type.BasicTypeRegistry     : Adding type registration materialized_blob_wrapper -> org.hibernate.type.BasicTypeReference@745926c3
2024-05-22T12:38:33.122+09:00 DEBUG 24662 --- [    Test worker] org.hibernate.type.BasicTypeRegistry     : Adding type registration short -> org.hibernate.type.BasicTypeReference@75dd0f94
2024-05-22T12:38:33.122+09:00 DEBUG 24662 --- [    Test worker] org.hibernate.type.BasicTypeRegistry     : Adding type registration short -> org.hibernate.type.BasicTypeReference@75dd0f94
2024-05-22T12:38:33.122+09:00 DEBUG 24662 --- [    Test worker] org.hibernate.type.BasicTypeRegistry     : Adding type registration java.lang.Short -> org.hibernate.type.BasicTypeReference@75dd0f94
2024-05-22T12:38:33.122+09:00 DEBUG 24662 --- [    Test worker] org.hibernate.type.BasicTypeRegistry     : Adding type registration integer -> org.hibernate.type.BasicTypeReference@72324965
2024-05-22T12:38:33.122+09:00 DEBUG 24662 --- [    Test worker] org.hibernate.type.BasicTypeRegistry     : Adding type registration int -> org.hibernate.type.BasicTypeReference@72324965
2024-05-22T12:38:33.122+09:00 DEBUG 24662 --- [    Test worker] org.hibernate.type.BasicTypeRegistry     : Adding type registration java.lang.Integer -> org.hibernate.type.BasicTypeReference@72324965
2024-05-22T12:38:33.122+09:00 DEBUG 24662 --- [    Test worker] org.hibernate.type.BasicTypeRegistry     : Adding type registration long -> org.hibernate.type.BasicTypeReference@249b54af
2024-05-22T12:38:33.122+09:00 DEBUG 24662 --- [    Test worker] org.hibernate.type.BasicTypeRegistry     : Adding type registration long -> org.hibernate.type.BasicTypeReference@249b54af
2024-05-22T12:38:33.122+09:00 DEBUG 24662 --- [    Test worker] org.hibernate.type.BasicTypeRegistry     : Adding type registration java.lang.Long -> org.hibernate.type.BasicTypeReference@249b54af
2024-05-22T12:38:33.122+09:00 DEBUG 24662 --- [    Test worker] org.hibernate.type.BasicTypeRegistry     : Adding type registration float -> org.hibernate.type.BasicTypeReference@194911c1
2024-05-22T12:38:33.122+09:00 DEBUG 24662 --- [    Test worker] org.hibernate.type.BasicTypeRegistry     : Adding type registration float -> org.hibernate.type.BasicTypeReference@194911c1
2024-05-22T12:38:33.122+09:00 DEBUG 24662 --- [    Test worker] org.hibernate.type.BasicTypeRegistry     : Adding type registration java.lang.Float -> org.hibernate.type.BasicTypeReference@194911c1
2024-05-22T12:38:33.122+09:00 DEBUG 24662 --- [    Test worker] org.hibernate.type.BasicTypeRegistry     : Adding type registration double -> org.hibernate.type.BasicTypeReference@4751cd3
2024-05-22T12:38:33.122+09:00 DEBUG 24662 --- [    Test worker] org.hibernate.type.BasicTypeRegistry     : Adding type registration double -> org.hibernate.type.BasicTypeReference@4751cd3
2024-05-22T12:38:33.123+09:00 DEBUG 24662 --- [    Test worker] org.hibernate.type.BasicTypeRegistry     : Adding type registration java.lang.Double -> org.hibernate.type.BasicTypeReference@4751cd3
2024-05-22T12:38:33.123+09:00 DEBUG 24662 --- [    Test worker] org.hibernate.type.BasicTypeRegistry     : Adding type registration big_integer -> org.hibernate.type.BasicTypeReference@64ec1459
2024-05-22T12:38:33.123+09:00 DEBUG 24662 --- [    Test worker] org.hibernate.type.BasicTypeRegistry     : Adding type registration java.math.BigInteger -> org.hibernate.type.BasicTypeReference@64ec1459
2024-05-22T12:38:33.123+09:00 DEBUG 24662 --- [    Test worker] org.hibernate.type.BasicTypeRegistry     : Adding type registration big_decimal -> org.hibernate.type.BasicTypeReference@1aac0a47
2024-05-22T12:38:33.123+09:00 DEBUG 24662 --- [    Test worker] org.hibernate.type.BasicTypeRegistry     : Adding type registration java.math.BigDecimal -> org.hibernate.type.BasicTypeReference@1aac0a47
2024-05-22T12:38:33.123+09:00 DEBUG 24662 --- [    Test worker] org.hibernate.type.BasicTypeRegistry     : Adding type registration character -> org.hibernate.type.BasicTypeReference@4b3ad7ca
2024-05-22T12:38:33.123+09:00 DEBUG 24662 --- [    Test worker] org.hibernate.type.BasicTypeRegistry     : Adding type registration char -> org.hibernate.type.BasicTypeReference@4b3ad7ca
2024-05-22T12:38:33.123+09:00 DEBUG 24662 --- [    Test worker] org.hibernate.type.BasicTypeRegistry     : Adding type registration java.lang.Character -> org.hibernate.type.BasicTypeReference@4b3ad7ca
2024-05-22T12:38:33.123+09:00 DEBUG 24662 --- [    Test worker] org.hibernate.type.BasicTypeRegistry     : Adding type registration character_nchar -> org.hibernate.type.BasicTypeReference@6785c9fa
2024-05-22T12:38:33.123+09:00 DEBUG 24662 --- [    Test worker] org.hibernate.type.BasicTypeRegistry     : Adding type registration string -> org.hibernate.type.BasicTypeReference@63cf578f
2024-05-22T12:38:33.123+09:00 DEBUG 24662 --- [    Test worker] org.hibernate.type.BasicTypeRegistry     : Adding type registration java.lang.String -> org.hibernate.type.BasicTypeReference@63cf578f
2024-05-22T12:38:33.123+09:00 DEBUG 24662 --- [    Test worker] org.hibernate.type.BasicTypeRegistry     : Adding type registration nstring -> org.hibernate.type.BasicTypeReference@194b9783
2024-05-22T12:38:33.123+09:00 DEBUG 24662 --- [    Test worker] org.hibernate.type.BasicTypeRegistry     : Adding type registration characters -> org.hibernate.type.BasicTypeReference@45297e7
2024-05-22T12:38:33.123+09:00 DEBUG 24662 --- [    Test worker] org.hibernate.type.BasicTypeRegistry     : Adding type registration char[] -> org.hibernate.type.BasicTypeReference@45297e7
2024-05-22T12:38:33.123+09:00 DEBUG 24662 --- [    Test worker] org.hibernate.type.BasicTypeRegistry     : Adding type registration [C -> org.hibernate.type.BasicTypeReference@45297e7
2024-05-22T12:38:33.124+09:00 DEBUG 24662 --- [    Test worker] org.hibernate.type.BasicTypeRegistry     : Adding type registration wrapper-characters -> org.hibernate.type.BasicTypeReference@4dd1548e
2024-05-22T12:38:33.124+09:00 DEBUG 24662 --- [    Test worker] org.hibernate.type.BasicTypeRegistry     : Adding type registration text -> org.hibernate.type.BasicTypeReference@54bb1194
2024-05-22T12:38:33.124+09:00 DEBUG 24662 --- [    Test worker] org.hibernate.type.BasicTypeRegistry     : Adding type registration ntext -> org.hibernate.type.BasicTypeReference@1109730f
2024-05-22T12:38:33.124+09:00 DEBUG 24662 --- [    Test worker] org.hibernate.type.BasicTypeRegistry     : Adding type registration clob -> org.hibernate.type.BasicTypeReference@1f42366
2024-05-22T12:38:33.124+09:00 DEBUG 24662 --- [    Test worker] org.hibernate.type.BasicTypeRegistry     : Adding type registration java.sql.Clob -> org.hibernate.type.BasicTypeReference@1f42366
2024-05-22T12:38:33.124+09:00 DEBUG 24662 --- [    Test worker] org.hibernate.type.BasicTypeRegistry     : Adding type registration nclob -> org.hibernate.type.BasicTypeReference@46c662f2
2024-05-22T12:38:33.124+09:00 DEBUG 24662 --- [    Test worker] org.hibernate.type.BasicTypeRegistry     : Adding type registration java.sql.NClob -> org.hibernate.type.BasicTypeReference@46c662f2
2024-05-22T12:38:33.124+09:00 DEBUG 24662 --- [    Test worker] org.hibernate.type.BasicTypeRegistry     : Adding type registration materialized_clob -> org.hibernate.type.BasicTypeReference@4afdfc0f
2024-05-22T12:38:33.124+09:00 DEBUG 24662 --- [    Test worker] org.hibernate.type.BasicTypeRegistry     : Adding type registration materialized_clob_char_array -> org.hibernate.type.BasicTypeReference@10b67f54
2024-05-22T12:38:33.124+09:00 DEBUG 24662 --- [    Test worker] org.hibernate.type.BasicTypeRegistry     : Adding type registration materialized_clob_character_array -> org.hibernate.type.BasicTypeReference@30798137
2024-05-22T12:38:33.124+09:00 DEBUG 24662 --- [    Test worker] org.hibernate.type.BasicTypeRegistry     : Adding type registration materialized_nclob -> org.hibernate.type.BasicTypeReference@455da438
2024-05-22T12:38:33.124+09:00 DEBUG 24662 --- [    Test worker] org.hibernate.type.BasicTypeRegistry     : Adding type registration materialized_nclob_character_array -> org.hibernate.type.BasicTypeReference@60652518
2024-05-22T12:38:33.124+09:00 DEBUG 24662 --- [    Test worker] org.hibernate.type.BasicTypeRegistry     : Adding type registration materialized_nclob_char_array -> org.hibernate.type.BasicTypeReference@438aaa9f
2024-05-22T12:38:33.124+09:00 DEBUG 24662 --- [    Test worker] org.hibernate.type.BasicTypeRegistry     : Adding type registration Duration -> org.hibernate.type.BasicTypeReference@3f06ebe0
2024-05-22T12:38:33.124+09:00 DEBUG 24662 --- [    Test worker] org.hibernate.type.BasicTypeRegistry     : Adding type registration java.time.Duration -> org.hibernate.type.BasicTypeReference@3f06ebe0
2024-05-22T12:38:33.124+09:00 DEBUG 24662 --- [    Test worker] org.hibernate.type.BasicTypeRegistry     : Adding type registration LocalDateTime -> org.hibernate.type.BasicTypeReference@1752e45c
2024-05-22T12:38:33.124+09:00 DEBUG 24662 --- [    Test worker] org.hibernate.type.BasicTypeRegistry     : Adding type registration java.time.LocalDateTime -> org.hibernate.type.BasicTypeReference@1752e45c
2024-05-22T12:38:33.124+09:00 DEBUG 24662 --- [    Test worker] org.hibernate.type.BasicTypeRegistry     : Adding type registration LocalDate -> org.hibernate.type.BasicTypeReference@5ed65e4b
2024-05-22T12:38:33.124+09:00 DEBUG 24662 --- [    Test worker] org.hibernate.type.BasicTypeRegistry     : Adding type registration java.time.LocalDate -> org.hibernate.type.BasicTypeReference@5ed65e4b
2024-05-22T12:38:33.124+09:00 DEBUG 24662 --- [    Test worker] org.hibernate.type.BasicTypeRegistry     : Adding type registration LocalTime -> org.hibernate.type.BasicTypeReference@481ed95c
2024-05-22T12:38:33.124+09:00 DEBUG 24662 --- [    Test worker] org.hibernate.type.BasicTypeRegistry     : Adding type registration java.time.LocalTime -> org.hibernate.type.BasicTypeReference@481ed95c
2024-05-22T12:38:33.125+09:00 DEBUG 24662 --- [    Test worker] org.hibernate.type.BasicTypeRegistry     : Adding type registration OffsetDateTime -> org.hibernate.type.BasicTypeReference@40cf6254
2024-05-22T12:38:33.125+09:00 DEBUG 24662 --- [    Test worker] org.hibernate.type.BasicTypeRegistry     : Adding type registration java.time.OffsetDateTime -> org.hibernate.type.BasicTypeReference@40cf6254
2024-05-22T12:38:33.125+09:00 DEBUG 24662 --- [    Test worker] org.hibernate.type.BasicTypeRegistry     : Adding type registration OffsetDateTimeWithTimezone -> org.hibernate.type.BasicTypeReference@40bf0e15
2024-05-22T12:38:33.125+09:00 DEBUG 24662 --- [    Test worker] org.hibernate.type.BasicTypeRegistry     : Adding type registration OffsetDateTimeWithoutTimezone -> org.hibernate.type.BasicTypeReference@2c77344f
2024-05-22T12:38:33.125+09:00 DEBUG 24662 --- [    Test worker] org.hibernate.type.BasicTypeRegistry     : Adding type registration OffsetTime -> org.hibernate.type.BasicTypeReference@121ddca4
2024-05-22T12:38:33.125+09:00 DEBUG 24662 --- [    Test worker] org.hibernate.type.BasicTypeRegistry     : Adding type registration java.time.OffsetTime -> org.hibernate.type.BasicTypeReference@121ddca4
2024-05-22T12:38:33.125+09:00 DEBUG 24662 --- [    Test worker] org.hibernate.type.BasicTypeRegistry     : Adding type registration OffsetTimeUtc -> org.hibernate.type.BasicTypeReference@297bd171
2024-05-22T12:38:33.125+09:00 DEBUG 24662 --- [    Test worker] org.hibernate.type.BasicTypeRegistry     : Adding type registration OffsetTimeWithTimezone -> org.hibernate.type.BasicTypeReference@118cbded
2024-05-22T12:38:33.125+09:00 DEBUG 24662 --- [    Test worker] org.hibernate.type.BasicTypeRegistry     : Adding type registration OffsetTimeWithoutTimezone -> org.hibernate.type.BasicTypeReference@4cc26df
2024-05-22T12:38:33.125+09:00 DEBUG 24662 --- [    Test worker] org.hibernate.type.BasicTypeRegistry     : Adding type registration ZonedDateTime -> org.hibernate.type.BasicTypeReference@7848321e
2024-05-22T12:38:33.125+09:00 DEBUG 24662 --- [    Test worker] org.hibernate.type.BasicTypeRegistry     : Adding type registration java.time.ZonedDateTime -> org.hibernate.type.BasicTypeReference@7848321e
2024-05-22T12:38:33.125+09:00 DEBUG 24662 --- [    Test worker] org.hibernate.type.BasicTypeRegistry     : Adding type registration ZonedDateTimeWithTimezone -> org.hibernate.type.BasicTypeReference@f4f843f
2024-05-22T12:38:33.125+09:00 DEBUG 24662 --- [    Test worker] org.hibernate.type.BasicTypeRegistry     : Adding type registration ZonedDateTimeWithoutTimezone -> org.hibernate.type.BasicTypeReference@7b5833ee
2024-05-22T12:38:33.125+09:00 DEBUG 24662 --- [    Test worker] org.hibernate.type.BasicTypeRegistry     : Adding type registration date -> org.hibernate.type.BasicTypeReference@1e471884
2024-05-22T12:38:33.125+09:00 DEBUG 24662 --- [    Test worker] org.hibernate.type.BasicTypeRegistry     : Adding type registration java.sql.Date -> org.hibernate.type.BasicTypeReference@1e471884
2024-05-22T12:38:33.125+09:00 DEBUG 24662 --- [    Test worker] org.hibernate.type.BasicTypeRegistry     : Adding type registration time -> org.hibernate.type.BasicTypeReference@27261190
2024-05-22T12:38:33.125+09:00 DEBUG 24662 --- [    Test worker] org.hibernate.type.BasicTypeRegistry     : Adding type registration java.sql.Time -> org.hibernate.type.BasicTypeReference@27261190
2024-05-22T12:38:33.125+09:00 DEBUG 24662 --- [    Test worker] org.hibernate.type.BasicTypeRegistry     : Adding type registration timestamp -> org.hibernate.type.BasicTypeReference@543b0737
2024-05-22T12:38:33.125+09:00 DEBUG 24662 --- [    Test worker] org.hibernate.type.BasicTypeRegistry     : Adding type registration java.sql.Timestamp -> org.hibernate.type.BasicTypeReference@543b0737
2024-05-22T12:38:33.125+09:00 DEBUG 24662 --- [    Test worker] org.hibernate.type.BasicTypeRegistry     : Adding type registration java.util.Date -> org.hibernate.type.BasicTypeReference@543b0737
2024-05-22T12:38:33.125+09:00 DEBUG 24662 --- [    Test worker] org.hibernate.type.BasicTypeRegistry     : Adding type registration calendar -> org.hibernate.type.BasicTypeReference@6e46891d
2024-05-22T12:38:33.125+09:00 DEBUG 24662 --- [    Test worker] org.hibernate.type.BasicTypeRegistry     : Adding type registration java.util.Calendar -> org.hibernate.type.BasicTypeReference@6e46891d
2024-05-22T12:38:33.125+09:00 DEBUG 24662 --- [    Test worker] org.hibernate.type.BasicTypeRegistry     : Adding type registration java.util.GregorianCalendar -> org.hibernate.type.BasicTypeReference@6e46891d
2024-05-22T12:38:33.125+09:00 DEBUG 24662 --- [    Test worker] org.hibernate.type.BasicTypeRegistry     : Adding type registration calendar_date -> org.hibernate.type.BasicTypeReference@48632f69
2024-05-22T12:38:33.125+09:00 DEBUG 24662 --- [    Test worker] org.hibernate.type.BasicTypeRegistry     : Adding type registration calendar_time -> org.hibernate.type.BasicTypeReference@5fde1d64
2024-05-22T12:38:33.126+09:00 DEBUG 24662 --- [    Test worker] org.hibernate.type.BasicTypeRegistry     : Adding type registration instant -> org.hibernate.type.BasicTypeReference@5350ab17
2024-05-22T12:38:33.126+09:00 DEBUG 24662 --- [    Test worker] org.hibernate.type.BasicTypeRegistry     : Adding type registration java.time.Instant -> org.hibernate.type.BasicTypeReference@5350ab17
2024-05-22T12:38:33.126+09:00 DEBUG 24662 --- [    Test worker] org.hibernate.type.BasicTypeRegistry     : Adding type registration uuid -> org.hibernate.type.BasicTypeReference@984de01
2024-05-22T12:38:33.126+09:00 DEBUG 24662 --- [    Test worker] org.hibernate.type.BasicTypeRegistry     : Adding type registration java.util.UUID -> org.hibernate.type.BasicTypeReference@984de01
2024-05-22T12:38:33.126+09:00 DEBUG 24662 --- [    Test worker] org.hibernate.type.BasicTypeRegistry     : Adding type registration pg-uuid -> org.hibernate.type.BasicTypeReference@984de01
2024-05-22T12:38:33.126+09:00 DEBUG 24662 --- [    Test worker] org.hibernate.type.BasicTypeRegistry     : Adding type registration uuid-binary -> org.hibernate.type.BasicTypeReference@58cda03f
2024-05-22T12:38:33.126+09:00 DEBUG 24662 --- [    Test worker] org.hibernate.type.BasicTypeRegistry     : Adding type registration uuid-char -> org.hibernate.type.BasicTypeReference@7757a37f
2024-05-22T12:38:33.126+09:00 DEBUG 24662 --- [    Test worker] org.hibernate.type.BasicTypeRegistry     : Adding type registration class -> org.hibernate.type.BasicTypeReference@2109a691
2024-05-22T12:38:33.126+09:00 DEBUG 24662 --- [    Test worker] org.hibernate.type.BasicTypeRegistry     : Adding type registration java.lang.Class -> org.hibernate.type.BasicTypeReference@2109a691
2024-05-22T12:38:33.126+09:00 DEBUG 24662 --- [    Test worker] org.hibernate.type.BasicTypeRegistry     : Adding type registration currency -> org.hibernate.type.BasicTypeReference@e521067
2024-05-22T12:38:33.126+09:00 DEBUG 24662 --- [    Test worker] org.hibernate.type.BasicTypeRegistry     : Adding type registration Currency -> org.hibernate.type.BasicTypeReference@e521067
2024-05-22T12:38:33.126+09:00 DEBUG 24662 --- [    Test worker] org.hibernate.type.BasicTypeRegistry     : Adding type registration java.util.Currency -> org.hibernate.type.BasicTypeReference@e521067
2024-05-22T12:38:33.126+09:00 DEBUG 24662 --- [    Test worker] org.hibernate.type.BasicTypeRegistry     : Adding type registration locale -> org.hibernate.type.BasicTypeReference@3bab95ca
2024-05-22T12:38:33.126+09:00 DEBUG 24662 --- [    Test worker] org.hibernate.type.BasicTypeRegistry     : Adding type registration java.util.Locale -> org.hibernate.type.BasicTypeReference@3bab95ca
2024-05-22T12:38:33.127+09:00 DEBUG 24662 --- [    Test worker] org.hibernate.type.BasicTypeRegistry     : Adding type registration serializable -> org.hibernate.type.BasicTypeReference@71ad959b
2024-05-22T12:38:33.127+09:00 DEBUG 24662 --- [    Test worker] org.hibernate.type.BasicTypeRegistry     : Adding type registration java.io.Serializable -> org.hibernate.type.BasicTypeReference@71ad959b
2024-05-22T12:38:33.127+09:00 DEBUG 24662 --- [    Test worker] org.hibernate.type.BasicTypeRegistry     : Adding type registration timezone -> org.hibernate.type.BasicTypeReference@1d7c9811
2024-05-22T12:38:33.127+09:00 DEBUG 24662 --- [    Test worker] org.hibernate.type.BasicTypeRegistry     : Adding type registration java.util.TimeZone -> org.hibernate.type.BasicTypeReference@1d7c9811
2024-05-22T12:38:33.127+09:00 DEBUG 24662 --- [    Test worker] org.hibernate.type.BasicTypeRegistry     : Adding type registration ZoneOffset -> org.hibernate.type.BasicTypeReference@3b362f1
2024-05-22T12:38:33.127+09:00 DEBUG 24662 --- [    Test worker] org.hibernate.type.BasicTypeRegistry     : Adding type registration java.time.ZoneOffset -> org.hibernate.type.BasicTypeReference@3b362f1
2024-05-22T12:38:33.127+09:00 DEBUG 24662 --- [    Test worker] org.hibernate.type.BasicTypeRegistry     : Adding type registration url -> org.hibernate.type.BasicTypeReference@6451a288
2024-05-22T12:38:33.127+09:00 DEBUG 24662 --- [    Test worker] org.hibernate.type.BasicTypeRegistry     : Adding type registration java.net.URL -> org.hibernate.type.BasicTypeReference@6451a288
2024-05-22T12:38:33.127+09:00 DEBUG 24662 --- [    Test worker] org.hibernate.type.BasicTypeRegistry     : Adding type registration vector -> org.hibernate.type.BasicTypeReference@79cdf2d4
2024-05-22T12:38:33.127+09:00 DEBUG 24662 --- [    Test worker] org.hibernate.type.BasicTypeRegistry     : Adding type registration row_version -> org.hibernate.type.BasicTypeReference@8851ec
2024-05-22T12:38:33.129+09:00 DEBUG 24662 --- [    Test worker] org.hibernate.type.BasicTypeRegistry     : Adding type registration object -> org.hibernate.type.JavaObjectType@601d295
2024-05-22T12:38:33.129+09:00 DEBUG 24662 --- [    Test worker] org.hibernate.type.BasicTypeRegistry     : Adding type registration java.lang.Object -> org.hibernate.type.JavaObjectType@601d295
2024-05-22T12:38:33.130+09:00 DEBUG 24662 --- [    Test worker] org.hibernate.type.BasicTypeRegistry     : Adding type registration null -> org.hibernate.type.NullType@7d088813
2024-05-22T12:38:33.130+09:00 DEBUG 24662 --- [    Test worker] org.hibernate.type.BasicTypeRegistry     : Adding type registration imm_date -> org.hibernate.type.BasicTypeReference@134abd78
2024-05-22T12:38:33.130+09:00 DEBUG 24662 --- [    Test worker] org.hibernate.type.BasicTypeRegistry     : Adding type registration imm_time -> org.hibernate.type.BasicTypeReference@3b0ed98a
2024-05-22T12:38:33.130+09:00 DEBUG 24662 --- [    Test worker] org.hibernate.type.BasicTypeRegistry     : Adding type registration imm_timestamp -> org.hibernate.type.BasicTypeReference@12448de1
2024-05-22T12:38:33.130+09:00 DEBUG 24662 --- [    Test worker] org.hibernate.type.BasicTypeRegistry     : Adding type registration imm_calendar -> org.hibernate.type.BasicTypeReference@2b35c7aa
2024-05-22T12:38:33.130+09:00 DEBUG 24662 --- [    Test worker] org.hibernate.type.BasicTypeRegistry     : Adding type registration imm_calendar_date -> org.hibernate.type.BasicTypeReference@6dd20ec9
2024-05-22T12:38:33.130+09:00 DEBUG 24662 --- [    Test worker] org.hibernate.type.BasicTypeRegistry     : Adding type registration imm_calendar_time -> org.hibernate.type.BasicTypeReference@20dd5870
2024-05-22T12:38:33.130+09:00 DEBUG 24662 --- [    Test worker] org.hibernate.type.BasicTypeRegistry     : Adding type registration imm_binary -> org.hibernate.type.BasicTypeReference@1640f20f
2024-05-22T12:38:33.130+09:00 DEBUG 24662 --- [    Test worker] org.hibernate.type.BasicTypeRegistry     : Adding type registration imm_serializable -> org.hibernate.type.BasicTypeReference@134d7ffa
2024-05-22T12:38:33.205+09:00  INFO 24662 --- [    Test worker] o.s.o.j.p.SpringPersistenceUnitInfo      : No LoadTimeWeaver setup: ignoring JPA class transformer
2024-05-22T12:38:33.219+09:00  INFO 24662 --- [    Test worker] com.zaxxer.hikari.HikariDataSource       : HikariPool-1 - Starting...
2024-05-22T12:38:33.270+09:00  INFO 24662 --- [    Test worker] com.zaxxer.hikari.pool.HikariPool        : HikariPool-1 - Added connection conn0: url=jdbc:h2:tcp://localhost/~/itemservice user=SA
2024-05-22T12:38:33.271+09:00  INFO 24662 --- [    Test worker] com.zaxxer.hikari.HikariDataSource       : HikariPool-1 - Start completed.
2024-05-22T12:38:33.304+09:00 DEBUG 24662 --- [    Test worker] o.h.t.d.jdbc.spi.JdbcTypeRegistry        : addDescriptor(NCharTypeDescriptor) replaced previous registration(CharTypeDescriptor)
2024-05-22T12:38:33.304+09:00 DEBUG 24662 --- [    Test worker] o.h.t.d.jdbc.spi.JdbcTypeRegistry        : addDescriptor(NVarcharTypeDescriptor) replaced previous registration(VarcharTypeDescriptor)
2024-05-22T12:38:33.304+09:00 DEBUG 24662 --- [    Test worker] o.h.t.d.jdbc.spi.JdbcTypeRegistry        : addDescriptor(LongNVarcharTypeDescriptor) replaced previous registration(LongVarcharTypeDescriptor)
2024-05-22T12:38:33.305+09:00 DEBUG 24662 --- [    Test worker] o.h.t.d.jdbc.spi.JdbcTypeRegistry        : addDescriptor(NClobTypeDescriptor(DEFAULT)) replaced previous registration(ClobTypeDescriptor(DEFAULT))
2024-05-22T12:38:33.305+09:00 DEBUG 24662 --- [    Test worker] o.h.t.d.jdbc.spi.JdbcTypeRegistry        : addDescriptor(2005, ClobTypeDescriptor(STREAM_BINDING)) replaced previous registration(ClobTypeDescriptor(DEFAULT))
2024-05-22T12:38:33.305+09:00 DEBUG 24662 --- [    Test worker] o.h.t.d.jdbc.spi.JdbcTypeRegistry        : addDescriptor(TimestampUtcDescriptor) replaced previous registration(TimestampUtcDescriptor)
2024-05-22T12:38:33.308+09:00 DEBUG 24662 --- [    Test worker] org.hibernate.type.BasicTypeRegistry     : Adding type registration org.hibernate.type.DurationType -> basicType@1(java.time.Duration,3015)
2024-05-22T12:38:33.308+09:00 DEBUG 24662 --- [    Test worker] org.hibernate.type.BasicTypeRegistry     : Adding type registration Duration -> basicType@1(java.time.Duration,3015)
2024-05-22T12:38:33.308+09:00 DEBUG 24662 --- [    Test worker] org.hibernate.type.BasicTypeRegistry     : Adding type registration java.time.Duration -> basicType@1(java.time.Duration,3015)
2024-05-22T12:38:33.309+09:00 DEBUG 24662 --- [    Test worker] o.h.type.spi.TypeConfiguration$Scope     : Scoping TypeConfiguration [org.hibernate.type.spi.TypeConfiguration@1f3361e9] to MetadataBuildingContext [org.hibernate.boot.internal.MetadataBuildingContextRootImpl@eebc0db]
2024-05-22T12:38:33.422+09:00  INFO 24662 --- [    Test worker] p6spy                                    : #1716349113422 | took 4ms | statement | connection 1| url jdbc:h2:tcp://localhost/~/itemservice
select * from INFORMATION_SCHEMA.SEQUENCES
select * from INFORMATION_SCHEMA.SEQUENCES;
2024-05-22T12:38:33.860+09:00  INFO 24662 --- [    Test worker] o.h.e.t.j.p.i.JtaPlatformInitiator       : HHH000489: No JTA platform available (set 'hibernate.transaction.jta.platform' to enable JTA platform integration)
2024-05-22T12:38:33.860+09:00 DEBUG 24662 --- [    Test worker] o.h.type.spi.TypeConfiguration$Scope     : Scoping TypeConfiguration [org.hibernate.type.spi.TypeConfiguration@1f3361e9] to SessionFactoryImplementor [org.hibernate.internal.SessionFactoryImpl@3e8995cc]
2024-05-22T12:38:33.869+09:00 DEBUG 24662 --- [    Test worker] org.hibernate.SQL                        : 
    drop table if exists content cascade 
2024-05-22T12:38:33.870+09:00  INFO 24662 --- [    Test worker] p6spy                                    : #1716349113870 | took 1ms | statement | connection 2| url jdbc:h2:tcp://localhost/~/itemservice

    drop table if exists content cascade 

    drop table if exists content cascade ;
2024-05-22T12:38:33.871+09:00 DEBUG 24662 --- [    Test worker] org.hibernate.SQL                        : 
    drop table if exists ddd cascade 
2024-05-22T12:38:33.871+09:00  INFO 24662 --- [    Test worker] p6spy                                    : #1716349113871 | took 0ms | statement | connection 2| url jdbc:h2:tcp://localhost/~/itemservice

    drop table if exists ddd cascade 

    drop table if exists ddd cascade ;
2024-05-22T12:38:33.871+09:00 DEBUG 24662 --- [    Test worker] org.hibernate.SQL                        : 
    drop table if exists favorite cascade 
2024-05-22T12:38:33.871+09:00  INFO 24662 --- [    Test worker] p6spy                                    : #1716349113871 | took 0ms | statement | connection 2| url jdbc:h2:tcp://localhost/~/itemservice

    drop table if exists favorite cascade 

    drop table if exists favorite cascade ;
2024-05-22T12:38:33.871+09:00 DEBUG 24662 --- [    Test worker] org.hibernate.SQL                        : 
    drop table if exists item cascade 
2024-05-22T12:38:33.872+09:00  INFO 24662 --- [    Test worker] p6spy                                    : #1716349113872 | took 0ms | statement | connection 2| url jdbc:h2:tcp://localhost/~/itemservice

    drop table if exists item cascade 

    drop table if exists item cascade ;
2024-05-22T12:38:33.872+09:00 DEBUG 24662 --- [    Test worker] org.hibernate.SQL                        : 
    drop table if exists orders cascade 
2024-05-22T12:38:33.872+09:00  INFO 24662 --- [    Test worker] p6spy                                    : #1716349113872 | took 0ms | statement | connection 2| url jdbc:h2:tcp://localhost/~/itemservice

    drop table if exists orders cascade 

    drop table if exists orders cascade ;
2024-05-22T12:38:33.873+09:00 DEBUG 24662 --- [    Test worker] org.hibernate.SQL                        : 
    drop table if exists room cascade 
2024-05-22T12:38:33.873+09:00  INFO 24662 --- [    Test worker] p6spy                                    : #1716349113873 | took 0ms | statement | connection 2| url jdbc:h2:tcp://localhost/~/itemservice

    drop table if exists room cascade 

    drop table if exists room cascade ;
2024-05-22T12:38:33.873+09:00 DEBUG 24662 --- [    Test worker] org.hibernate.SQL                        : 
    drop table if exists users cascade 
2024-05-22T12:38:33.874+09:00  INFO 24662 --- [    Test worker] p6spy                                    : #1716349113874 | took 1ms | statement | connection 2| url jdbc:h2:tcp://localhost/~/itemservice

    drop table if exists users cascade 

    drop table if exists users cascade ;
2024-05-22T12:38:33.875+09:00 DEBUG 24662 --- [    Test worker] org.hibernate.SQL                        : 
    drop sequence if exists content_seq
2024-05-22T12:38:33.875+09:00  INFO 24662 --- [    Test worker] p6spy                                    : #1716349113875 | took 0ms | statement | connection 2| url jdbc:h2:tcp://localhost/~/itemservice

    drop sequence if exists content_seq

    drop sequence if exists content_seq;
2024-05-22T12:38:33.875+09:00 DEBUG 24662 --- [    Test worker] org.hibernate.SQL                        : 
    drop sequence if exists ddd_seq
2024-05-22T12:38:33.876+09:00  INFO 24662 --- [    Test worker] p6spy                                    : #1716349113876 | took 0ms | statement | connection 2| url jdbc:h2:tcp://localhost/~/itemservice

    drop sequence if exists ddd_seq

    drop sequence if exists ddd_seq;
2024-05-22T12:38:33.876+09:00 DEBUG 24662 --- [    Test worker] org.hibernate.SQL                        : 
    drop sequence if exists favorite_seq
2024-05-22T12:38:33.876+09:00  INFO 24662 --- [    Test worker] p6spy                                    : #1716349113876 | took 0ms | statement | connection 2| url jdbc:h2:tcp://localhost/~/itemservice

    drop sequence if exists favorite_seq

    drop sequence if exists favorite_seq;
2024-05-22T12:38:33.876+09:00 DEBUG 24662 --- [    Test worker] org.hibernate.SQL                        : 
    drop sequence if exists item_seq
2024-05-22T12:38:33.876+09:00  INFO 24662 --- [    Test worker] p6spy                                    : #1716349113876 | took 0ms | statement | connection 2| url jdbc:h2:tcp://localhost/~/itemservice

    drop sequence if exists item_seq

    drop sequence if exists item_seq;
2024-05-22T12:38:33.876+09:00 DEBUG 24662 --- [    Test worker] org.hibernate.SQL                        : 
    drop sequence if exists orders_seq
2024-05-22T12:38:33.877+09:00  INFO 24662 --- [    Test worker] p6spy                                    : #1716349113877 | took 0ms | statement | connection 2| url jdbc:h2:tcp://localhost/~/itemservice

    drop sequence if exists orders_seq

    drop sequence if exists orders_seq;
2024-05-22T12:38:33.877+09:00 DEBUG 24662 --- [    Test worker] org.hibernate.SQL                        : 
    drop sequence if exists room_seq
2024-05-22T12:38:33.877+09:00  INFO 24662 --- [    Test worker] p6spy                                    : #1716349113877 | took 0ms | statement | connection 2| url jdbc:h2:tcp://localhost/~/itemservice

    drop sequence if exists room_seq

    drop sequence if exists room_seq;
2024-05-22T12:38:33.877+09:00 DEBUG 24662 --- [    Test worker] org.hibernate.SQL                        : 
    drop sequence if exists users_seq
2024-05-22T12:38:33.878+09:00  INFO 24662 --- [    Test worker] p6spy                                    : #1716349113878 | took 0ms | statement | connection 2| url jdbc:h2:tcp://localhost/~/itemservice

    drop sequence if exists users_seq

    drop sequence if exists users_seq;
2024-05-22T12:38:33.882+09:00 DEBUG 24662 --- [    Test worker] org.hibernate.SQL                        : 
    create sequence content_seq start with 1 increment by 50
2024-05-22T12:38:33.883+09:00  INFO 24662 --- [    Test worker] p6spy                                    : #1716349113882 | took 0ms | statement | connection 3| url jdbc:h2:tcp://localhost/~/itemservice

    create sequence content_seq start with 1 increment by 50

    create sequence content_seq start with 1 increment by 50;
2024-05-22T12:38:33.883+09:00 DEBUG 24662 --- [    Test worker] org.hibernate.SQL                        : 
    create sequence ddd_seq start with 1 increment by 50
2024-05-22T12:38:33.883+09:00  INFO 24662 --- [    Test worker] p6spy                                    : #1716349113883 | took 0ms | statement | connection 3| url jdbc:h2:tcp://localhost/~/itemservice

    create sequence ddd_seq start with 1 increment by 50

    create sequence ddd_seq start with 1 increment by 50;
2024-05-22T12:38:33.883+09:00 DEBUG 24662 --- [    Test worker] org.hibernate.SQL                        : 
    create sequence favorite_seq start with 1 increment by 50
2024-05-22T12:38:33.883+09:00  INFO 24662 --- [    Test worker] p6spy                                    : #1716349113883 | took 0ms | statement | connection 3| url jdbc:h2:tcp://localhost/~/itemservice

    create sequence favorite_seq start with 1 increment by 50

    create sequence favorite_seq start with 1 increment by 50;
2024-05-22T12:38:33.884+09:00 DEBUG 24662 --- [    Test worker] org.hibernate.SQL                        : 
    create sequence item_seq start with 1 increment by 50
2024-05-22T12:38:33.884+09:00  INFO 24662 --- [    Test worker] p6spy                                    : #1716349113884 | took 0ms | statement | connection 3| url jdbc:h2:tcp://localhost/~/itemservice

    create sequence item_seq start with 1 increment by 50

    create sequence item_seq start with 1 increment by 50;
2024-05-22T12:38:33.884+09:00 DEBUG 24662 --- [    Test worker] org.hibernate.SQL                        : 
    create sequence orders_seq start with 1 increment by 50
2024-05-22T12:38:33.885+09:00  INFO 24662 --- [    Test worker] p6spy                                    : #1716349113885 | took 0ms | statement | connection 3| url jdbc:h2:tcp://localhost/~/itemservice

    create sequence orders_seq start with 1 increment by 50

    create sequence orders_seq start with 1 increment by 50;
2024-05-22T12:38:33.885+09:00 DEBUG 24662 --- [    Test worker] org.hibernate.SQL                        : 
    create sequence room_seq start with 1 increment by 50
2024-05-22T12:38:33.885+09:00  INFO 24662 --- [    Test worker] p6spy                                    : #1716349113885 | took 0ms | statement | connection 3| url jdbc:h2:tcp://localhost/~/itemservice

    create sequence room_seq start with 1 increment by 50

    create sequence room_seq start with 1 increment by 50;
2024-05-22T12:38:33.885+09:00 DEBUG 24662 --- [    Test worker] org.hibernate.SQL                        : 
    create sequence users_seq start with 1 increment by 50
2024-05-22T12:38:33.886+09:00  INFO 24662 --- [    Test worker] p6spy                                    : #1716349113886 | took 0ms | statement | connection 3| url jdbc:h2:tcp://localhost/~/itemservice

    create sequence users_seq start with 1 increment by 50

    create sequence users_seq start with 1 increment by 50;
2024-05-22T12:38:33.888+09:00 DEBUG 24662 --- [    Test worker] org.hibernate.SQL                        : 
    create table content (
        content_id bigint not null,
        room_id bigint,
        content varchar(255),
        send_date varchar(255),
        send_user varchar(255),
        primary key (content_id)
    )
2024-05-22T12:38:33.889+09:00  INFO 24662 --- [    Test worker] p6spy                                    : #1716349113889 | took 1ms | statement | connection 3| url jdbc:h2:tcp://localhost/~/itemservice

    create table content (
        content_id bigint not null,
        room_id bigint,
        content varchar(255),
        send_date varchar(255),
        send_user varchar(255),
        primary key (content_id)
    )

    create table content (
        content_id bigint not null,
        room_id bigint,
        content varchar(255),
        send_date varchar(255),
        send_user varchar(255),
        primary key (content_id)
    );
2024-05-22T12:38:33.889+09:00 DEBUG 24662 --- [    Test worker] org.hibernate.SQL                        : 
    create table ddd (
        price integer not null,
        id bigint not null,
        primary key (id)
    )
2024-05-22T12:38:33.890+09:00  INFO 24662 --- [    Test worker] p6spy                                    : #1716349113890 | took 0ms | statement | connection 3| url jdbc:h2:tcp://localhost/~/itemservice

    create table ddd (
        price integer not null,
        id bigint not null,
        primary key (id)
    )

    create table ddd (
        price integer not null,
        id bigint not null,
        primary key (id)
    );
2024-05-22T12:38:33.891+09:00 DEBUG 24662 --- [    Test worker] org.hibernate.SQL                        : 
    create table favorite (
        favorite_id bigint not null,
        item_id bigint,
        user_id bigint,
        primary key (favorite_id)
    )
2024-05-22T12:38:33.892+09:00  INFO 24662 --- [    Test worker] p6spy                                    : #1716349113892 | took 0ms | statement | connection 3| url jdbc:h2:tcp://localhost/~/itemservice

    create table favorite (
        favorite_id bigint not null,
        item_id bigint,
        user_id bigint,
        primary key (favorite_id)
    )

    create table favorite (
        favorite_id bigint not null,
        item_id bigint,
        user_id bigint,
        primary key (favorite_id)
    );
2024-05-22T12:38:33.892+09:00 DEBUG 24662 --- [    Test worker] org.hibernate.SQL                        : 
    create table item (
        book_status integer,
        price integer not null,
        stock_quantity integer not null,
        written_status integer,
        item_id bigint not null,
        seller_id bigint,
        dtype varchar(31) not null,
        author varchar(255),
        category varchar(255) check (category in ('BOOK')),
        isbn varchar(255),
        item_name varchar(255),
        publisher varchar(255),
        publisher_date varchar(255),
        register_date varchar(255),
        register_status varchar(255) check (register_status in ('SALE','NO_STOCK','COMP','CANCEL')),
        primary key (item_id)
    )
2024-05-22T12:38:33.894+09:00  INFO 24662 --- [    Test worker] p6spy                                    : #1716349113894 | took 1ms | statement | connection 3| url jdbc:h2:tcp://localhost/~/itemservice

    create table item (
        book_status integer,
        price integer not null,
        stock_quantity integer not null,
        written_status integer,
        item_id bigint not null,
        seller_id bigint,
        dtype varchar(31) not null,
        author varchar(255),
        category varchar(255) check (category in ('BOOK')),
        isbn varchar(255),
        item_name varchar(255),
        publisher varchar(255),
        publisher_date varchar(255),
        register_date varchar(255),
        register_status varchar(255) check (register_status in ('SALE','NO_STOCK','COMP','CANCEL')),
        primary key (item_id)
    )

    create table item (
        book_status integer,
        price integer not null,
        stock_quantity integer not null,
        written_status integer,
        item_id bigint not null,
        seller_id bigint,
        dtype varchar(31) not null,
        author varchar(255),
        category varchar(255) check (category in ('BOOK')),
        isbn varchar(255),
        item_name varchar(255),
        publisher varchar(255),
        publisher_date varchar(255),
        register_date varchar(255),
        register_status varchar(255) check (register_status in ('SALE','NO_STOCK','COMP','CANCEL')),
        primary key (item_id)
    );
2024-05-22T12:38:33.894+09:00 DEBUG 24662 --- [    Test worker] org.hibernate.SQL                        : 
    create table orders (
        order_status integer not null,
        price integer not null,
        stock integer not null,
        order_id bigint not null,
        sold_date timestamp(6),
        primary key (order_id)
    )
2024-05-22T12:38:33.895+09:00  INFO 24662 --- [    Test worker] p6spy                                    : #1716349113895 | took 0ms | statement | connection 3| url jdbc:h2:tcp://localhost/~/itemservice

    create table orders (
        order_status integer not null,
        price integer not null,
        stock integer not null,
        order_id bigint not null,
        sold_date timestamp(6),
        primary key (order_id)
    )

    create table orders (
        order_status integer not null,
        price integer not null,
        stock integer not null,
        order_id bigint not null,
        sold_date timestamp(6),
        primary key (order_id)
    );
2024-05-22T12:38:33.896+09:00 DEBUG 24662 --- [    Test worker] org.hibernate.SQL                        : 
    create table room (
        state integer not null,
        buyer_id bigint,
        item_id bigint,
        order_order_id bigint unique,
        room_id bigint not null,
        create_date varchar(255),
        primary key (room_id)
    )
2024-05-22T12:38:33.898+09:00  INFO 24662 --- [    Test worker] p6spy                                    : #1716349113898 | took 0ms | statement | connection 3| url jdbc:h2:tcp://localhost/~/itemservice

    create table room (
        state integer not null,
        buyer_id bigint,
        item_id bigint,
        order_order_id bigint unique,
        room_id bigint not null,
        create_date varchar(255),
        primary key (room_id)
    )

    create table room (
        state integer not null,
        buyer_id bigint,
        item_id bigint,
        order_order_id bigint unique,
        room_id bigint not null,
        create_date varchar(255),
        primary key (room_id)
    );
2024-05-22T12:38:33.898+09:00 DEBUG 24662 --- [    Test worker] org.hibernate.SQL                        : 
    create table users (
        sold_item_count integer not null,
        user_id bigint not null,
        email varchar(255),
        join_date varchar(255),
        nick_name varchar(255),
        password varchar(255),
        university varchar(255) check (university in ('SAMYOOK','SEOUL')),
        primary key (user_id)
    )
2024-05-22T12:38:33.899+09:00  INFO 24662 --- [    Test worker] p6spy                                    : #1716349113899 | took 0ms | statement | connection 3| url jdbc:h2:tcp://localhost/~/itemservice

    create table users (
        sold_item_count integer not null,
        user_id bigint not null,
        email varchar(255),
        join_date varchar(255),
        nick_name varchar(255),
        password varchar(255),
        university varchar(255) check (university in ('SAMYOOK','SEOUL')),
        primary key (user_id)
    )

    create table users (
        sold_item_count integer not null,
        user_id bigint not null,
        email varchar(255),
        join_date varchar(255),
        nick_name varchar(255),
        password varchar(255),
        university varchar(255) check (university in ('SAMYOOK','SEOUL')),
        primary key (user_id)
    );
2024-05-22T12:38:33.899+09:00 DEBUG 24662 --- [    Test worker] org.hibernate.SQL                        : 
    alter table if exists content 
       add constraint FKsp292db8ub2kih2urq02dfff5 
       foreign key (room_id) 
       references room
2024-05-22T12:38:33.901+09:00  INFO 24662 --- [    Test worker] p6spy                                    : #1716349113901 | took 1ms | statement | connection 3| url jdbc:h2:tcp://localhost/~/itemservice

    alter table if exists content 
       add constraint FKsp292db8ub2kih2urq02dfff5 
       foreign key (room_id) 
       references room

    alter table if exists content 
       add constraint FKsp292db8ub2kih2urq02dfff5 
       foreign key (room_id) 
       references room;
2024-05-22T12:38:33.901+09:00 DEBUG 24662 --- [    Test worker] org.hibernate.SQL                        : 
    alter table if exists favorite 
       add constraint FKaf7xgp19sm5j8shqjhf6mc4pw 
       foreign key (item_id) 
       references item
2024-05-22T12:38:33.902+09:00  INFO 24662 --- [    Test worker] p6spy                                    : #1716349113902 | took 0ms | statement | connection 3| url jdbc:h2:tcp://localhost/~/itemservice

    alter table if exists favorite 
       add constraint FKaf7xgp19sm5j8shqjhf6mc4pw 
       foreign key (item_id) 
       references item

    alter table if exists favorite 
       add constraint FKaf7xgp19sm5j8shqjhf6mc4pw 
       foreign key (item_id) 
       references item;
2024-05-22T12:38:33.902+09:00 DEBUG 24662 --- [    Test worker] org.hibernate.SQL                        : 
    alter table if exists favorite 
       add constraint FKa2lwa7bjrnbti5v12mga2et1y 
       foreign key (user_id) 
       references users
2024-05-22T12:38:33.903+09:00  INFO 24662 --- [    Test worker] p6spy                                    : #1716349113903 | took 0ms | statement | connection 3| url jdbc:h2:tcp://localhost/~/itemservice

    alter table if exists favorite 
       add constraint FKa2lwa7bjrnbti5v12mga2et1y 
       foreign key (user_id) 
       references users

    alter table if exists favorite 
       add constraint FKa2lwa7bjrnbti5v12mga2et1y 
       foreign key (user_id) 
       references users;
2024-05-22T12:38:33.903+09:00 DEBUG 24662 --- [    Test worker] org.hibernate.SQL                        : 
    alter table if exists room 
       add constraint FKkqh3vgwcy6y36qbncmt3rm3f9 
       foreign key (item_id) 
       references item
2024-05-22T12:38:33.904+09:00  INFO 24662 --- [    Test worker] p6spy                                    : #1716349113904 | took 0ms | statement | connection 3| url jdbc:h2:tcp://localhost/~/itemservice

    alter table if exists room 
       add constraint FKkqh3vgwcy6y36qbncmt3rm3f9 
       foreign key (item_id) 
       references item

    alter table if exists room 
       add constraint FKkqh3vgwcy6y36qbncmt3rm3f9 
       foreign key (item_id) 
       references item;
2024-05-22T12:38:33.904+09:00 DEBUG 24662 --- [    Test worker] org.hibernate.SQL                        : 
    alter table if exists room 
       add constraint FKdcxtijs9bq8rqtnyu125pboot 
       foreign key (order_order_id) 
       references orders
2024-05-22T12:38:33.905+09:00  INFO 24662 --- [    Test worker] p6spy                                    : #1716349113905 | took 0ms | statement | connection 3| url jdbc:h2:tcp://localhost/~/itemservice

    alter table if exists room 
       add constraint FKdcxtijs9bq8rqtnyu125pboot 
       foreign key (order_order_id) 
       references orders

    alter table if exists room 
       add constraint FKdcxtijs9bq8rqtnyu125pboot 
       foreign key (order_order_id) 
       references orders;
2024-05-22T12:38:33.905+09:00 DEBUG 24662 --- [    Test worker] org.hibernate.SQL                        : 
    alter table if exists room 
       add constraint FKi5ln59fy2ow7cib5ncyuumtjd 
       foreign key (buyer_id) 
       references users
2024-05-22T12:38:33.906+09:00  INFO 24662 --- [    Test worker] p6spy                                    : #1716349113906 | took 1ms | statement | connection 3| url jdbc:h2:tcp://localhost/~/itemservice

    alter table if exists room 
       add constraint FKi5ln59fy2ow7cib5ncyuumtjd 
       foreign key (buyer_id) 
       references users

    alter table if exists room 
       add constraint FKi5ln59fy2ow7cib5ncyuumtjd 
       foreign key (buyer_id) 
       references users;
2024-05-22T12:38:33.908+09:00 TRACE 24662 --- [    Test worker] o.h.type.spi.TypeConfiguration$Scope     : Handling #sessionFactoryCreated from [org.hibernate.internal.SessionFactoryImpl@3e8995cc] for TypeConfiguration
2024-05-22T12:38:33.908+09:00  INFO 24662 --- [    Test worker] j.LocalContainerEntityManagerFactoryBean : Initialized JPA EntityManagerFactory for persistence unit 'default'
2024-05-22T12:38:33.970+09:00 DEBUG 24662 --- [    Test worker] tor$SharedEntityManagerInvocationHandler : Creating new EntityManager for shared EntityManager invocation
2024-05-22T12:38:33.987+09:00 DEBUG 24662 --- [    Test worker] tor$SharedEntityManagerInvocationHandler : Creating new EntityManager for shared EntityManager invocation
2024-05-22T12:38:34.047+09:00 DEBUG 24662 --- [    Test worker] tor$SharedEntityManagerInvocationHandler : Creating new EntityManager for shared EntityManager invocation
2024-05-22T12:38:34.106+09:00 DEBUG 24662 --- [    Test worker] tor$SharedEntityManagerInvocationHandler : Creating new EntityManager for shared EntityManager invocation
2024-05-22T12:38:34.157+09:00 DEBUG 24662 --- [    Test worker] tor$SharedEntityManagerInvocationHandler : Creating new EntityManager for shared EntityManager invocation
2024-05-22T12:38:34.157+09:00 DEBUG 24662 --- [    Test worker] tor$SharedEntityManagerInvocationHandler : Creating new EntityManager for shared EntityManager invocation
2024-05-22T12:38:34.168+09:00 DEBUG 24662 --- [    Test worker] tor$SharedEntityManagerInvocationHandler : Creating new EntityManager for shared EntityManager invocation
2024-05-22T12:38:34.169+09:00 DEBUG 24662 --- [    Test worker] tor$SharedEntityManagerInvocationHandler : Creating new EntityManager for shared EntityManager invocation
2024-05-22T12:38:34.194+09:00 DEBUG 24662 --- [    Test worker] tor$SharedEntityManagerInvocationHandler : Creating new EntityManager for shared EntityManager invocation
2024-05-22T12:38:34.194+09:00 DEBUG 24662 --- [    Test worker] tor$SharedEntityManagerInvocationHandler : Creating new EntityManager for shared EntityManager invocation
2024-05-22T12:38:34.206+09:00 DEBUG 24662 --- [    Test worker] tor$SharedEntityManagerInvocationHandler : Creating new EntityManager for shared EntityManager invocation
2024-05-22T12:38:34.214+09:00 DEBUG 24662 --- [    Test worker] tor$SharedEntityManagerInvocationHandler : Creating new EntityManager for shared EntityManager invocation
2024-05-22T12:38:34.215+09:00 DEBUG 24662 --- [    Test worker] tor$SharedEntityManagerInvocationHandler : Creating new EntityManager for shared EntityManager invocation
2024-05-22T12:38:34.243+09:00 DEBUG 24662 --- [    Test worker] tor$SharedEntityManagerInvocationHandler : Creating new EntityManager for shared EntityManager invocation
2024-05-22T12:38:34.244+09:00 DEBUG 24662 --- [    Test worker] tor$SharedEntityManagerInvocationHandler : Creating new EntityManager for shared EntityManager invocation
2024-05-22T12:38:34.251+09:00 DEBUG 24662 --- [    Test worker] tor$SharedEntityManagerInvocationHandler : Creating new EntityManager for shared EntityManager invocation
2024-05-22T12:38:34.265+09:00 DEBUG 24662 --- [    Test worker] tor$SharedEntityManagerInvocationHandler : Creating new EntityManager for shared EntityManager invocation
2024-05-22T12:38:34.272+09:00 DEBUG 24662 --- [    Test worker] tor$SharedEntityManagerInvocationHandler : Creating new EntityManager for shared EntityManager invocation
2024-05-22T12:38:34.273+09:00 DEBUG 24662 --- [    Test worker] tor$SharedEntityManagerInvocationHandler : Creating new EntityManager for shared EntityManager invocation
2024-05-22T12:38:34.284+09:00 DEBUG 24662 --- [    Test worker] tor$SharedEntityManagerInvocationHandler : Creating new EntityManager for shared EntityManager invocation
2024-05-22T12:38:34.285+09:00 DEBUG 24662 --- [    Test worker] tor$SharedEntityManagerInvocationHandler : Creating new EntityManager for shared EntityManager invocation
2024-05-22T12:38:34.371+09:00  WARN 24662 --- [    Test worker] JpaBaseConfiguration$JpaWebConfiguration : spring.jpa.open-in-view is enabled by default. Therefore, database queries may be performed during view rendering. Explicitly configure spring.jpa.open-in-view to disable this warning
2024-05-22T12:38:34.591+09:00 DEBUG 24662 --- [    Test worker] tor$SharedEntityManagerInvocationHandler : Creating new EntityManager for shared EntityManager invocation
2024-05-22T12:38:34.591+09:00 DEBUG 24662 --- [    Test worker] tor$SharedEntityManagerInvocationHandler : Creating new EntityManager for shared EntityManager invocation
2024-05-22T12:38:34.645+09:00  INFO 24662 --- [    Test worker] service.tradeservice.DddTest             : Started DddTest in 2.397 seconds (process running for 2.967)
2024-05-22T12:38:35.028+09:00 DEBUG 24662 --- [    Test worker] o.s.orm.jpa.JpaTransactionManager        : Creating new transaction with name [service.tradeservice.service.DataService.ex]: PROPAGATION_REQUIRED,ISOLATION_DEFAULT
2024-05-22T12:38:35.029+09:00 DEBUG 24662 --- [    Test worker] o.s.orm.jpa.JpaTransactionManager        : Opened new EntityManager [SessionImpl(919710805<open>)] for JPA transaction
2024-05-22T12:38:35.032+09:00 DEBUG 24662 --- [    Test worker] o.s.orm.jpa.JpaTransactionManager        : Exposing JPA transaction as JDBC [org.springframework.orm.jpa.vendor.HibernateJpaDialect$HibernateConnectionHandle@3b6d94fc]
2024-05-22T12:38:35.034+09:00 DEBUG 24662 --- [    Test worker] o.s.orm.jpa.JpaTransactionManager        : Found thread-bound EntityManager [SessionImpl(919710805<open>)] for JPA transaction
2024-05-22T12:38:35.034+09:00 DEBUG 24662 --- [    Test worker] o.s.orm.jpa.JpaTransactionManager        : Participating in existing transaction
2024-05-22T12:38:35.038+09:00 DEBUG 24662 --- [    Test worker] org.hibernate.SQL                        : 
    select
        next value for ddd_seq
2024-05-22T12:38:35.039+09:00  INFO 24662 --- [    Test worker] p6spy                                    : #1716349115039 | took 0ms | statement | connection 4| url jdbc:h2:tcp://localhost/~/itemservice
select next value for ddd_seq
select next value for ddd_seq;
2024-05-22T12:38:35.046+09:00  INFO 24662 --- [    Test worker] s.tradeservice.service.DataService       : 데이타 프로세스 진입
2024-05-22T12:38:35.046+09:00  INFO 24662 --- [    Test worker] s.tradeservice.service.DataService       : 정상승인
2024-05-22T12:38:35.046+09:00 DEBUG 24662 --- [    Test worker] o.s.orm.jpa.JpaTransactionManager        : Initiating transaction commit
2024-05-22T12:38:35.047+09:00 DEBUG 24662 --- [    Test worker] o.s.orm.jpa.JpaTransactionManager        : Committing JPA transaction on EntityManager [SessionImpl(919710805<open>)]
2024-05-22T12:38:35.053+09:00 DEBUG 24662 --- [    Test worker] org.hibernate.SQL                        : 
    insert 
    into
        ddd
        (price, id) 
    values
        (?, ?)
2024-05-22T12:38:35.055+09:00  INFO 24662 --- [    Test worker] p6spy                                    : #1716349115055 | took 0ms | statement | connection 4| url jdbc:h2:tcp://localhost/~/itemservice
insert into ddd (price,id) values (?,?)
insert into ddd (price,id) values (3,1);
2024-05-22T12:38:35.056+09:00  INFO 24662 --- [    Test worker] p6spy                                    : #1716349115056 | took 0ms | commit | connection 4| url jdbc:h2:tcp://localhost/~/itemservice

;
2024-05-22T12:38:35.057+09:00 DEBUG 24662 --- [    Test worker] o.s.orm.jpa.JpaTransactionManager        : Closing JPA EntityManager [SessionImpl(919710805<open>)] after transaction
2024-05-22T12:38:35.057+09:00 DEBUG 24662 --- [    Test worker] o.s.orm.jpa.JpaTransactionManager        : Creating new transaction with name [service.tradeservice.service.DataService.ex]: PROPAGATION_REQUIRED,ISOLATION_DEFAULT
2024-05-22T12:38:35.057+09:00 DEBUG 24662 --- [    Test worker] o.s.orm.jpa.JpaTransactionManager        : Opened new EntityManager [SessionImpl(1631316921<open>)] for JPA transaction
2024-05-22T12:38:35.057+09:00 DEBUG 24662 --- [    Test worker] o.s.orm.jpa.JpaTransactionManager        : Exposing JPA transaction as JDBC [org.springframework.orm.jpa.vendor.HibernateJpaDialect$HibernateConnectionHandle@463e0b6a]
2024-05-22T12:38:35.057+09:00 DEBUG 24662 --- [    Test worker] o.s.orm.jpa.JpaTransactionManager        : Found thread-bound EntityManager [SessionImpl(1631316921<open>)] for JPA transaction
2024-05-22T12:38:35.057+09:00 DEBUG 24662 --- [    Test worker] o.s.orm.jpa.JpaTransactionManager        : Participating in existing transaction
2024-05-22T12:38:35.057+09:00 DEBUG 24662 --- [    Test worker] org.hibernate.SQL                        : 
    select
        next value for ddd_seq
2024-05-22T12:38:35.058+09:00  INFO 24662 --- [    Test worker] p6spy                                    : #1716349115058 | took 0ms | statement | connection 5| url jdbc:h2:tcp://localhost/~/itemservice
select next value for ddd_seq
select next value for ddd_seq;
2024-05-22T12:38:35.058+09:00  INFO 24662 --- [    Test worker] s.tradeservice.service.DataService       : 데이타 프로세스 진입
2024-05-22T12:38:35.058+09:00  INFO 24662 --- [    Test worker] s.tradeservice.service.DataService       : 정상승인
2024-05-22T12:38:35.058+09:00 DEBUG 24662 --- [    Test worker] o.s.orm.jpa.JpaTransactionManager        : Initiating transaction commit
2024-05-22T12:38:35.058+09:00 DEBUG 24662 --- [    Test worker] o.s.orm.jpa.JpaTransactionManager        : Committing JPA transaction on EntityManager [SessionImpl(1631316921<open>)]
2024-05-22T12:38:35.058+09:00 DEBUG 24662 --- [    Test worker] org.hibernate.SQL                        : 
    insert 
    into
        ddd
        (price, id) 
    values
        (?, ?)
2024-05-22T12:38:35.059+09:00  INFO 24662 --- [    Test worker] p6spy                                    : #1716349115059 | took 0ms | statement | connection 5| url jdbc:h2:tcp://localhost/~/itemservice
insert into ddd (price,id) values (?,?)
insert into ddd (price,id) values (4,2);
2024-05-22T12:38:35.059+09:00  INFO 24662 --- [    Test worker] p6spy                                    : #1716349115059 | took 0ms | commit | connection 5| url jdbc:h2:tcp://localhost/~/itemservice

;
2024-05-22T12:38:35.059+09:00 DEBUG 24662 --- [    Test worker] o.s.orm.jpa.JpaTransactionManager        : Closing JPA EntityManager [SessionImpl(1631316921<open>)] after transaction
2024-05-22T12:38:35.059+09:00 DEBUG 24662 --- [    Test worker] o.s.orm.jpa.JpaTransactionManager        : Creating new transaction with name [service.tradeservice.service.DataService.ex]: PROPAGATION_REQUIRED,ISOLATION_DEFAULT
2024-05-22T12:38:35.059+09:00 DEBUG 24662 --- [    Test worker] o.s.orm.jpa.JpaTransactionManager        : Opened new EntityManager [SessionImpl(1011914207<open>)] for JPA transaction
2024-05-22T12:38:35.059+09:00 DEBUG 24662 --- [    Test worker] o.s.orm.jpa.JpaTransactionManager        : Exposing JPA transaction as JDBC [org.springframework.orm.jpa.vendor.HibernateJpaDialect$HibernateConnectionHandle@5d52a17b]
2024-05-22T12:38:35.059+09:00 DEBUG 24662 --- [    Test worker] o.s.orm.jpa.JpaTransactionManager        : Found thread-bound EntityManager [SessionImpl(1011914207<open>)] for JPA transaction
2024-05-22T12:38:35.059+09:00 DEBUG 24662 --- [    Test worker] o.s.orm.jpa.JpaTransactionManager        : Participating in existing transaction
2024-05-22T12:38:35.060+09:00  INFO 24662 --- [    Test worker] s.tradeservice.service.DataService       : 데이타 프로세스 진입
2024-05-22T12:38:35.060+09:00  INFO 24662 --- [    Test worker] s.tradeservice.service.DataService       : 정상승인
2024-05-22T12:38:35.060+09:00 DEBUG 24662 --- [    Test worker] o.s.orm.jpa.JpaTransactionManager        : Initiating transaction commit
2024-05-22T12:38:35.060+09:00 DEBUG 24662 --- [    Test worker] o.s.orm.jpa.JpaTransactionManager        : Committing JPA transaction on EntityManager [SessionImpl(1011914207<open>)]
2024-05-22T12:38:35.060+09:00 DEBUG 24662 --- [    Test worker] org.hibernate.SQL                        : 
    insert 
    into
        ddd
        (price, id) 
    values
        (?, ?)
2024-05-22T12:38:35.060+09:00  INFO 24662 --- [    Test worker] p6spy                                    : #1716349115060 | took 0ms | statement | connection 6| url jdbc:h2:tcp://localhost/~/itemservice
insert into ddd (price,id) values (?,?)
insert into ddd (price,id) values (5,3);
2024-05-22T12:38:35.060+09:00  INFO 24662 --- [    Test worker] p6spy                                    : #1716349115060 | took 0ms | commit | connection 6| url jdbc:h2:tcp://localhost/~/itemservice

;
2024-05-22T12:38:35.060+09:00 DEBUG 24662 --- [    Test worker] o.s.orm.jpa.JpaTransactionManager        : Closing JPA EntityManager [SessionImpl(1011914207<open>)] after transaction
2024-05-22T12:38:35.061+09:00 DEBUG 24662 --- [    Test worker] o.s.orm.jpa.JpaTransactionManager        : Creating new transaction with name [service.tradeservice.service.DataService.ex]: PROPAGATION_REQUIRED,ISOLATION_DEFAULT
2024-05-22T12:38:35.061+09:00 DEBUG 24662 --- [    Test worker] o.s.orm.jpa.JpaTransactionManager        : Opened new EntityManager [SessionImpl(381605910<open>)] for JPA transaction
2024-05-22T12:38:35.061+09:00 DEBUG 24662 --- [    Test worker] o.s.orm.jpa.JpaTransactionManager        : Exposing JPA transaction as JDBC [org.springframework.orm.jpa.vendor.HibernateJpaDialect$HibernateConnectionHandle@4cae7d5]
2024-05-22T12:38:35.061+09:00 DEBUG 24662 --- [    Test worker] o.s.orm.jpa.JpaTransactionManager        : Found thread-bound EntityManager [SessionImpl(381605910<open>)] for JPA transaction
2024-05-22T12:38:35.061+09:00 DEBUG 24662 --- [    Test worker] o.s.orm.jpa.JpaTransactionManager        : Participating in existing transaction
2024-05-22T12:38:35.061+09:00  INFO 24662 --- [    Test worker] s.tradeservice.service.DataService       : 데이타 프로세스 진입
2024-05-22T12:38:35.061+09:00  INFO 24662 --- [    Test worker] s.tradeservice.service.DataService       : 2 비즈니스 예외 발생
2024-05-22T12:38:35.061+09:00 DEBUG 24662 --- [    Test worker] o.s.orm.jpa.JpaTransactionManager        : Initiating transaction commit
2024-05-22T12:38:35.061+09:00 DEBUG 24662 --- [    Test worker] o.s.orm.jpa.JpaTransactionManager        : Committing JPA transaction on EntityManager [SessionImpl(381605910<open>)]
2024-05-22T12:38:35.062+09:00 DEBUG 24662 --- [    Test worker] org.hibernate.SQL                        : 
    insert 
    into
        ddd
        (price, id) 
    values
        (?, ?)
2024-05-22T12:38:35.062+09:00  INFO 24662 --- [    Test worker] p6spy                                    : #1716349115062 | took 0ms | statement | connection 7| url jdbc:h2:tcp://localhost/~/itemservice
insert into ddd (price,id) values (?,?)
insert into ddd (price,id) values (2,4);
2024-05-22T12:38:35.064+09:00 DEBUG 24662 --- [    Test worker] org.hibernate.SQL                        : 
    update
        ddd 
    set
        price=? 
    where
        id=?
2024-05-22T12:38:35.065+09:00  INFO 24662 --- [    Test worker] p6spy                                    : #1716349115065 | took 0ms | statement | connection 7| url jdbc:h2:tcp://localhost/~/itemservice
update ddd set price=? where id=?
update ddd set price=0 where id=4;
2024-05-22T12:38:35.066+09:00  INFO 24662 --- [    Test worker] p6spy                                    : #1716349115066 | took 0ms | commit | connection 7| url jdbc:h2:tcp://localhost/~/itemservice

;
2024-05-22T12:38:35.067+09:00 DEBUG 24662 --- [    Test worker] o.s.orm.jpa.JpaTransactionManager        : Closing JPA EntityManager [SessionImpl(381605910<open>)] after transaction
2024-05-22T12:38:35.067+09:00 DEBUG 24662 --- [    Test worker] o.s.orm.jpa.JpaTransactionManager        : Creating new transaction with name [org.springframework.data.jpa.repository.support.SimpleJpaRepository.findById]: PROPAGATION_REQUIRED,ISOLATION_DEFAULT,readOnly
2024-05-22T12:38:35.067+09:00 DEBUG 24662 --- [    Test worker] o.s.orm.jpa.JpaTransactionManager        : Opened new EntityManager [SessionImpl(1801425317<open>)] for JPA transaction
2024-05-22T12:38:35.068+09:00 DEBUG 24662 --- [    Test worker] o.s.orm.jpa.JpaTransactionManager        : Exposing JPA transaction as JDBC [org.springframework.orm.jpa.vendor.HibernateJpaDialect$HibernateConnectionHandle@197d6cc9]
2024-05-22T12:38:35.085+09:00 DEBUG 24662 --- [    Test worker] org.hibernate.SQL                        : 
    select
        d1_0.id,
        d1_0.price 
    from
        ddd d1_0 
    where
        d1_0.id=?
2024-05-22T12:38:35.087+09:00  INFO 24662 --- [    Test worker] p6spy                                    : #1716349115087 | took 0ms | statement | connection 8| url jdbc:h2:tcp://localhost/~/itemservice
select d1_0.id,d1_0.price from ddd d1_0 where d1_0.id=?
select d1_0.id,d1_0.price from ddd d1_0 where d1_0.id=4;
2024-05-22T12:38:35.090+09:00 DEBUG 24662 --- [    Test worker] o.s.orm.jpa.JpaTransactionManager        : Initiating transaction commit
2024-05-22T12:38:35.090+09:00 DEBUG 24662 --- [    Test worker] o.s.orm.jpa.JpaTransactionManager        : Committing JPA transaction on EntityManager [SessionImpl(1801425317<open>)]
2024-05-22T12:38:35.090+09:00  INFO 24662 --- [    Test worker] p6spy                                    : #1716349115090 | took 0ms | commit | connection 8| url jdbc:h2:tcp://localhost/~/itemservice

;
2024-05-22T12:38:35.091+09:00 DEBUG 24662 --- [    Test worker] o.s.orm.jpa.JpaTransactionManager        : Closing JPA EntityManager [SessionImpl(1801425317<open>)] after transaction
2024-05-22T12:38:35.093+09:00 DEBUG 24662 --- [    Test worker] tor$SharedEntityManagerInvocationHandler : Creating new EntityManager for shared EntityManager invocation
2024-05-22T12:38:35.144+09:00 DEBUG 24662 --- [    Test worker] org.hibernate.SQL                        : 
    select
        count(d1_0.id) 
    from
        ddd d1_0 
    where
        d1_0.id=?
2024-05-22T12:38:35.153+09:00  INFO 24662 --- [    Test worker] p6spy                                    : #1716349115153 | took 5ms | statement | connection 9| url jdbc:h2:tcp://localhost/~/itemservice
select count(d1_0.id) from ddd d1_0 where d1_0.id=?
select count(d1_0.id) from ddd d1_0 where d1_0.id=4;
l = 1
2024-05-22T12:38:35.155+09:00 DEBUG 24662 --- [    Test worker] tor$SharedEntityManagerInvocationHandler : Creating new EntityManager for shared EntityManager invocation
2024-05-22T12:38:35.156+09:00 DEBUG 24662 --- [    Test worker] org.hibernate.SQL                        : 
    select
        distinct d1_0.id,
        d1_0.price 
    from
        ddd d1_0 
    where
        d1_0.price=?
2024-05-22T12:38:35.158+09:00  INFO 24662 --- [    Test worker] p6spy                                    : #1716349115158 | took 0ms | statement | connection 10| url jdbc:h2:tcp://localhost/~/itemservice
select distinct d1_0.id,d1_0.price from ddd d1_0 where d1_0.price=?
select distinct d1_0.id,d1_0.price from ddd d1_0 where d1_0.price=3;
distinctByPrice = [Ddd(id=1, price=3)]
2024-05-22T12:38:35.190+09:00 DEBUG 24662 --- [    Test worker] o.s.orm.jpa.JpaTransactionManager        : Creating new transaction with name [service.tradeservice.service.DataService.ex]: PROPAGATION_REQUIRED,ISOLATION_DEFAULT
2024-05-22T12:38:35.190+09:00 DEBUG 24662 --- [    Test worker] o.s.orm.jpa.JpaTransactionManager        : Opened new EntityManager [SessionImpl(836332758<open>)] for JPA transaction
2024-05-22T12:38:35.191+09:00 DEBUG 24662 --- [    Test worker] o.s.orm.jpa.JpaTransactionManager        : Exposing JPA transaction as JDBC [org.springframework.orm.jpa.vendor.HibernateJpaDialect$HibernateConnectionHandle@4e0dec0c]
2024-05-22T12:38:35.191+09:00 DEBUG 24662 --- [    Test worker] o.s.orm.jpa.JpaTransactionManager        : Found thread-bound EntityManager [SessionImpl(836332758<open>)] for JPA transaction
2024-05-22T12:38:35.191+09:00 DEBUG 24662 --- [    Test worker] o.s.orm.jpa.JpaTransactionManager        : Participating in existing transaction
2024-05-22T12:38:35.191+09:00  INFO 24662 --- [    Test worker] s.tradeservice.service.DataService       : 데이타 프로세스 진입
2024-05-22T12:38:35.191+09:00  INFO 24662 --- [    Test worker] s.tradeservice.service.DataService       : 시스템 예외
2024-05-22T12:38:35.191+09:00 DEBUG 24662 --- [    Test worker] o.s.orm.jpa.JpaTransactionManager        : Initiating transaction rollback
2024-05-22T12:38:35.192+09:00 DEBUG 24662 --- [    Test worker] o.s.orm.jpa.JpaTransactionManager        : Rolling back JPA transaction on EntityManager [SessionImpl(836332758<open>)]
2024-05-22T12:38:35.192+09:00  INFO 24662 --- [    Test worker] p6spy                                    : #1716349115192 | took 0ms | rollback | connection 11| url jdbc:h2:tcp://localhost/~/itemservice

;
2024-05-22T12:38:35.193+09:00 DEBUG 24662 --- [    Test worker] o.s.orm.jpa.JpaTransactionManager        : Closing JPA EntityManager [SessionImpl(836332758<open>)] after transaction
]]></system-out>
  <system-err><![CDATA[]]></system-err>
</testsuite>
